Performing C SOURCE FILE Test CMAKE_HAVE_LIBC_PTHREAD failed with the following output:
Change Dir: /home/andre/cg-ufabc/build/CMakeFiles/CMakeTmp

Run Build Command(s):/usr/bin/make -f Makefile cmTC_e559f/fast && /usr/bin/make  -f CMakeFiles/cmTC_e559f.dir/build.make CMakeFiles/cmTC_e559f.dir/build
make[1]: Entering directory '/home/andre/cg-ufabc/build/CMakeFiles/CMakeTmp'
Building C object CMakeFiles/cmTC_e559f.dir/src.c.o
/usr/bin/cc -DCMAKE_HAVE_LIBC_PTHREAD   -o CMakeFiles/cmTC_e559f.dir/src.c.o -c /home/andre/cg-ufabc/build/CMakeFiles/CMakeTmp/src.c
Linking C executable cmTC_e559f
/usr/bin/cmake -E cmake_link_script CMakeFiles/cmTC_e559f.dir/link.txt --verbose=1
/usr/bin/cc CMakeFiles/cmTC_e559f.dir/src.c.o -o cmTC_e559f 
CMakeFiles/cmTC_e559f.dir/src.c.o: In function `main':
src.c:(.text+0x3e): undefined reference to `pthread_create'
src.c:(.text+0x4a): undefined reference to `pthread_detach'
src.c:(.text+0x56): undefined reference to `pthread_cancel'
src.c:(.text+0x67): undefined reference to `pthread_join'
src.c:(.text+0x7b): undefined reference to `pthread_atfork'
collect2: error: ld returned 1 exit status
CMakeFiles/cmTC_e559f.dir/build.make:98: recipe for target 'cmTC_e559f' failed
make[1]: *** [cmTC_e559f] Error 1
make[1]: Leaving directory '/home/andre/cg-ufabc/build/CMakeFiles/CMakeTmp'
Makefile:127: recipe for target 'cmTC_e559f/fast' failed
make: *** [cmTC_e559f/fast] Error 2


Source file was:
#include <pthread.h>

static void* test_func(void* data)
{
  return data;
}

int main(void)
{
  pthread_t thread;
  pthread_create(&thread, NULL, test_func, NULL);
  pthread_detach(thread);
  pthread_cancel(thread);
  pthread_join(thread, NULL);
  pthread_atfork(NULL, NULL, NULL);
  pthread_exit(NULL);

  return 0;
}

Determining if the function pthread_create exists in the pthreads failed with the following output:
Change Dir: /home/andre/cg-ufabc/build/CMakeFiles/CMakeTmp

Run Build Command(s):/usr/bin/make -f Makefile cmTC_23b0c/fast && /usr/bin/make  -f CMakeFiles/cmTC_23b0c.dir/build.make CMakeFiles/cmTC_23b0c.dir/build
make[1]: Entering directory '/home/andre/cg-ufabc/build/CMakeFiles/CMakeTmp'
Building C object CMakeFiles/cmTC_23b0c.dir/CheckFunctionExists.c.o
/usr/bin/cc   -DCHECK_FUNCTION_EXISTS=pthread_create -o CMakeFiles/cmTC_23b0c.dir/CheckFunctionExists.c.o -c /usr/share/cmake-3.21/Modules/CheckFunctionExists.c
Linking C executable cmTC_23b0c
/usr/bin/cmake -E cmake_link_script CMakeFiles/cmTC_23b0c.dir/link.txt --verbose=1
/usr/bin/cc  -DCHECK_FUNCTION_EXISTS=pthread_create CMakeFiles/cmTC_23b0c.dir/CheckFunctionExists.c.o -o cmTC_23b0c  -lpthreads 
/usr/bin/ld: cannot find -lpthreads
collect2: error: ld returned 1 exit status
CMakeFiles/cmTC_23b0c.dir/build.make:98: recipe for target 'cmTC_23b0c' failed
make[1]: *** [cmTC_23b0c] Error 1
make[1]: Leaving directory '/home/andre/cg-ufabc/build/CMakeFiles/CMakeTmp'
Makefile:127: recipe for target 'cmTC_23b0c/fast' failed
make: *** [cmTC_23b0c/fast] Error 2



